# JRE version: OpenJDK Runtime Environment (8.0_202-b03) (build 1.8.0_202-release-1483-b03)
# Java VM: OpenJDK 64-Bit Server VM (25.202-b03 mixed mode windows-amd64 compressed oops)
Heap:
 PSYoungGen      total 272384K, used 94943K [0x00000000eab00000, 0x00000000fea00000, 0x0000000100000000)
  eden space 242688K, 32% used [0x00000000eab00000,0x00000000ef7c7c38,0x00000000f9800000)
  from space 29696K, 54% used [0x00000000f9800000,0x00000000fa7f0010,0x00000000fb500000)
  to   space 29184K, 0% used [0x00000000fcd80000,0x00000000fcd80000,0x00000000fea00000)
 ParOldGen       total 137216K, used 78002K [0x00000000c0000000, 0x00000000c8600000, 0x00000000eab00000)
  object space 137216K, 56% used [0x00000000c0000000,0x00000000c4c2cac0,0x00000000c8600000)
 Metaspace       used 83883K, capacity 87156K, committed 87296K, reserved 1124352K
  class space    used 10816K, capacity 11436K, committed 11520K, reserved 1048576K
GC Heap History (10 events):
Event: 10.844 GC heap before
{Heap before GC invocations=16 (full 3):
 PSYoungGen      total 196608K, used 179200K [0x00000000eab00000, 0x00000000f8d00000, 0x0000000100000000)
  eden space 179200K, 100% used [0x00000000eab00000,0x00000000f5a00000,0x00000000f5a00000)
  from space 17408K, 0% used [0x00000000f6a80000,0x00000000f6a80000,0x00000000f7b80000)
  to   space 16896K, 0% used [0x00000000f5a00000,0x00000000f5a00000,0x00000000f6a80000)
 ParOldGen       total 137216K, used 34694K [0x00000000c0000000, 0x00000000c8600000, 0x00000000eab00000)
  object space 137216K, 25% used [0x00000000c0000000,0x00000000c21e1848,0x00000000c8600000)
 Metaspace       used 66139K, capacity 68246K, committed 68352K, reserved 1107968K
  class space    used 8951K, capacity 9433K, committed 9472K, reserved 1048576K
Event: 10.859 GC heap after
Heap after GC invocations=16 (full 3):
 PSYoungGen      total 196096K, used 14337K [0x00000000eab00000, 0x00000000fa000000, 0x0000000100000000)
  eden space 179200K, 0% used [0x00000000eab00000,0x00000000eab00000,0x00000000f5a00000)
  from space 16896K, 84% used [0x00000000f5a00000,0x00000000f6800610,0x00000000f6a80000)
  to   space 17920K, 0% used [0x00000000f8e80000,0x00000000f8e80000,0x00000000fa000000)
 ParOldGen       total 137216K, used 34766K [0x00000000c0000000, 0x00000000c8600000, 0x00000000eab00000)
  object space 137216K, 25% used [0x00000000c0000000,0x00000000c21f3858,0x00000000c8600000)
 Metaspace       used 66139K, capacity 68246K, committed 68352K, reserved 1107968K
  class space    used 8951K, capacity 9433K, committed 9472K, reserved 1048576K
}
Event: 12.363 GC heap before
{Heap before GC invocations=17 (full 3):
 PSYoungGen      total 196096K, used 193537K [0x00000000eab00000, 0x00000000fa000000, 0x0000000100000000)
  eden space 179200K, 100% used [0x00000000eab00000,0x00000000f5a00000,0x00000000f5a00000)
  from space 16896K, 84% used [0x00000000f5a00000,0x00000000f6800610,0x00000000f6a80000)
  to   space 17920K, 0% used [0x00000000f8e80000,0x00000000f8e80000,0x00000000fa000000)
 ParOldGen       total 137216K, used 34766K [0x00000000c0000000, 0x00000000c8600000, 0x00000000eab00000)
  object space 137216K, 25% used [0x00000000c0000000,0x00000000c21f3858,0x00000000c8600000)
 Metaspace       used 68399K, capacity 70658K, committed 70912K, reserved 1110016K
  class space    used 9209K, capacity 9724K, committed 9728K, reserved 1048576K
Event: 12.390 GC heap after
Heap after GC invocations=17 (full 3):
 PSYoungGen      total 227840K, used 17909K [0x00000000eab00000, 0x00000000fa980000, 0x0000000100000000)
  eden space 209920K, 0% used [0x00000000eab00000,0x00000000eab00000,0x00000000f7800000)
  from space 17920K, 99% used [0x00000000f8e80000,0x00000000f9ffd4d0,0x00000000fa000000)
  to   space 23040K, 0% used [0x00000000f7800000,0x00000000f7800000,0x00000000f8e80000)
 ParOldGen       total 137216K, used 42585K [0x00000000c0000000, 0x00000000c8600000, 0x00000000eab00000)
  object space 137216K, 31% used [0x00000000c0000000,0x00000000c29967e0,0x00000000c8600000)
 Metaspace       used 68399K, capacity 70658K, committed 70912K, reserved 1110016K
  class space    used 9209K, capacity 9724K, committed 9728K, reserved 1048576K
}
Event: 17.121 GC heap before
{Heap before GC invocations=18 (full 3):
 PSYoungGen      total 227840K, used 227829K [0x00000000eab00000, 0x00000000fa980000, 0x0000000100000000)
  eden space 209920K, 100% used [0x00000000eab00000,0x00000000f7800000,0x00000000f7800000)
  from space 17920K, 99% used [0x00000000f8e80000,0x00000000f9ffd4d0,0x00000000fa000000)
  to   space 23040K, 0% used [0x00000000f7800000,0x00000000f7800000,0x00000000f8e80000)
 ParOldGen       total 137216K, used 42585K [0x00000000c0000000, 0x00000000c8600000, 0x00000000eab00000)
  object space 137216K, 31% used [0x00000000c0000000,0x00000000c29967e0,0x00000000c8600000)
 Metaspace       used 76089K, capacity 79114K, committed 79232K, reserved 1118208K
  class space    used 9987K, capacity 10571K, committed 10624K, reserved 1048576K
Event: 17.187 GC heap after
Heap after GC invocations=18 (full 3):
 PSYoungGen      total 232960K, used 23014K [0x00000000eab00000, 0x00000000fda00000, 0x0000000100000000)
  eden space 209920K, 0% used [0x00000000eab00000,0x00000000eab00000,0x00000000f7800000)
  from space 23040K, 99% used [0x00000000f7800000,0x00000000f8e79968,0x00000000f8e80000)
  to   space 30720K, 0% used [0x00000000fbc00000,0x00000000fbc00000,0x00000000fda00000)
 ParOldGen       total 137216K, used 54461K [0x00000000c0000000, 0x00000000c8600000, 0x00000000eab00000)
  object space 137216K, 39% used [0x00000000c0000000,0x00000000c352f7d0,0x00000000c8600000)
 Metaspace       used 76089K, capacity 79114K, committed 79232K, reserved 1118208K
  class space    used 9987K, capacity 10571K, committed 10624K, reserved 1048576K
}
Event: 41.611 GC heap before
{Heap before GC invocations=19 (full 3):
 PSYoungGen      total 232960K, used 232934K [0x00000000eab00000, 0x00000000fda00000, 0x0000000100000000)
  eden space 209920K, 100% used [0x00000000eab00000,0x00000000f7800000,0x00000000f7800000)
  from space 23040K, 99% used [0x00000000f7800000,0x00000000f8e79968,0x00000000f8e80000)
  to   space 30720K, 0% used [0x00000000fbc00000,0x00000000fbc00000,0x00000000fda00000)
 ParOldGen       total 137216K, used 54461K [0x00000000c0000000, 0x00000000c8600000, 0x00000000eab00000)
  object space 137216K, 39% used [0x00000000c0000000,0x00000000c352f7d0,0x00000000c8600000)
 Metaspace       used 82416K, capacity 85704K, committed 85888K, reserved 1124352K
  class space    used 10704K, capacity 11350K, committed 11392K, reserved 1048576K
Event: 41.650 GC heap after
Heap after GC invocations=19 (full 3):
 PSYoungGen      total 265216K, used 14933K [0x00000000eab00000, 0x00000000fd200000, 0x0000000100000000)
  eden space 242688K, 0% used [0x00000000eab00000,0x00000000eab00000,0x00000000f9800000)
  from space 22528K, 66% used [0x00000000fbc00000,0x00000000fca95718,0x00000000fd200000)
  to   space 29696K, 0% used [0x00000000f9800000,0x00000000f9800000,0x00000000fb500000)
 ParOldGen       total 137216K, used 74885K [0x00000000c0000000, 0x00000000c8600000, 0x00000000eab00000)
  object space 137216K, 54% used [0x00000000c0000000,0x00000000c49214e8,0x00000000c8600000)
 Metaspace       used 82416K, capacity 85704K, committed 85888K, reserved 1124352K
  class space    used 10704K, capacity 11350K, committed 11392K, reserved 1048576K
}
Event: 43.785 GC heap before
{Heap before GC invocations=20 (full 3):
 PSYoungGen      total 265216K, used 257621K [0x00000000eab00000, 0x00000000fd200000, 0x0000000100000000)
  eden space 242688K, 100% used [0x00000000eab00000,0x00000000f9800000,0x00000000f9800000)
  from space 22528K, 66% used [0x00000000fbc00000,0x00000000fca95718,0x00000000fd200000)
  to   space 29696K, 0% used [0x00000000f9800000,0x00000000f9800000,0x00000000fb500000)
 ParOldGen       total 137216K, used 77994K [0x00000000c0000000, 0x00000000c8600000, 0x00000000eab00000)
  object space 137216K, 56% used [0x00000000c0000000,0x00000000c4c2aac0,0x00000000c8600000)
 Metaspace       used 83848K, capacity 87144K, committed 87296K, reserved 1124352K
  class space    used 10815K, capacity 11434K, committed 11520K, reserved 1048576K
Event: 43.828 GC heap after
Heap after GC invocations=20 (full 3):
 PSYoungGen      total 272384K, used 16320K [0x00000000eab00000, 0x00000000fea00000, 0x0000000100000000)
  eden space 242688K, 0% used [0x00000000eab00000,0x00000000eab00000,0x00000000f9800000)
  from space 29696K, 54% used [0x00000000f9800000,0x00000000fa7f0010,0x00000000fb500000)
  to   space 29184K, 0% used [0x00000000fcd80000,0x00000000fcd80000,0x00000000fea00000)
 ParOldGen       total 137216K, used 78002K [0x00000000c0000000, 0x00000000c8600000, 0x00000000eab00000)
  object space 137216K, 56% used [0x00000000c0000000,0x00000000c4c2cac0,0x00000000c8600000)
 Metaspace       used 83848K, capacity 87144K, committed 87296K, reserved 1124352K
  class space    used 10815K, capacity 11434K, committed 11520K, reserved 1048576K
}

