# JRE version: OpenJDK Runtime Environment (8.0_202-b03) (build 1.8.0_202-release-1483-b03)
# Java VM: OpenJDK 64-Bit Server VM (25.202-b03 mixed mode windows-amd64 compressed oops)
Heap:
 PSYoungGen      total 158720K, used 14013K [0x00000000d5d80000, 0x00000000e5400000, 0x0000000100000000)
  eden space 136192K, 10% used [0x00000000d5d80000,0x00000000d6b2f5c0,0x00000000de280000)
  from space 22528K, 0% used [0x00000000de280000,0x00000000de280000,0x00000000df880000)
  to   space 34304K, 0% used [0x00000000e3280000,0x00000000e3280000,0x00000000e5400000)
 ParOldGen       total 111616K, used 52611K [0x0000000081800000, 0x0000000088500000, 0x00000000d5d80000)
  object space 111616K, 47% used [0x0000000081800000,0x0000000084b60f60,0x0000000088500000)
 Metaspace       used 58026K, capacity 59286K, committed 59416K, reserved 1101824K
  class space    used 6926K, capacity 7244K, committed 7296K, reserved 1048576K
GC Heap History (10 events):
Event: 2.282 GC heap before
{Heap before GC invocations=6 (full 1):
 PSYoungGen      total 102912K, used 33669K [0x00000000d5d80000, 0x00000000de980000, 0x0000000100000000)
  eden space 97792K, 29% used [0x00000000d5d80000,0x00000000d7968b78,0x00000000dbd00000)
  from space 5120K, 99% used [0x00000000de480000,0x00000000de978918,0x00000000de980000)
  to   space 5120K, 0% used [0x00000000ddf80000,0x00000000ddf80000,0x00000000de480000)
 ParOldGen       total 64512K, used 19965K [0x0000000081800000, 0x0000000085700000, 0x00000000d5d80000)
  object space 64512K, 30% used [0x0000000081800000,0x0000000082b7f468,0x0000000085700000)
 Metaspace       used 34790K, capacity 35394K, committed 35496K, reserved 1081344K
  class space    used 4450K, capacity 4604K, committed 4608K, reserved 1048576K
Event: 2.289 GC heap after
Heap after GC invocations=6 (full 1):
 PSYoungGen      total 138240K, used 5099K [0x00000000d5d80000, 0x00000000e0800000, 0x0000000100000000)
  eden space 133120K, 0% used [0x00000000d5d80000,0x00000000d5d80000,0x00000000ddf80000)
  from space 5120K, 99% used [0x00000000ddf80000,0x00000000de47add8,0x00000000de480000)
  to   space 15872K, 0% used [0x00000000df880000,0x00000000df880000,0x00000000e0800000)
 ParOldGen       total 64512K, used 26136K [0x0000000081800000, 0x0000000085700000, 0x00000000d5d80000)
  object space 64512K, 40% used [0x0000000081800000,0x00000000831861a0,0x0000000085700000)
 Metaspace       used 34790K, capacity 35394K, committed 35496K, reserved 1081344K
  class space    used 4450K, capacity 4604K, committed 4608K, reserved 1048576K
}
Event: 2.289 GC heap before
{Heap before GC invocations=7 (full 2):
 PSYoungGen      total 138240K, used 5099K [0x00000000d5d80000, 0x00000000e0800000, 0x0000000100000000)
  eden space 133120K, 0% used [0x00000000d5d80000,0x00000000d5d80000,0x00000000ddf80000)
  from space 5120K, 99% used [0x00000000ddf80000,0x00000000de47add8,0x00000000de480000)
  to   space 15872K, 0% used [0x00000000df880000,0x00000000df880000,0x00000000e0800000)
 ParOldGen       total 64512K, used 26136K [0x0000000081800000, 0x0000000085700000, 0x00000000d5d80000)
  object space 64512K, 40% used [0x0000000081800000,0x00000000831861a0,0x0000000085700000)
 Metaspace       used 34790K, capacity 35394K, committed 35496K, reserved 1081344K
  class space    used 4450K, capacity 4604K, committed 4608K, reserved 1048576K
Event: 2.341 GC heap after
Heap after GC invocations=7 (full 2):
 PSYoungGen      total 138240K, used 0K [0x00000000d5d80000, 0x00000000e0800000, 0x0000000100000000)
  eden space 133120K, 0% used [0x00000000d5d80000,0x00000000d5d80000,0x00000000ddf80000)
  from space 5120K, 0% used [0x00000000ddf80000,0x00000000ddf80000,0x00000000de480000)
  to   space 15872K, 0% used [0x00000000df880000,0x00000000df880000,0x00000000e0800000)
 ParOldGen       total 111616K, used 18939K [0x0000000081800000, 0x0000000088500000, 0x00000000d5d80000)
  object space 111616K, 16% used [0x0000000081800000,0x0000000082a7ed40,0x0000000088500000)
 Metaspace       used 34790K, capacity 35394K, committed 35496K, reserved 1081344K
  class space    used 4450K, capacity 4604K, committed 4608K, reserved 1048576K
}
Event: 3.703 GC heap before
{Heap before GC invocations=8 (full 2):
 PSYoungGen      total 138240K, used 133120K [0x00000000d5d80000, 0x00000000e0800000, 0x0000000100000000)
  eden space 133120K, 100% used [0x00000000d5d80000,0x00000000ddf80000,0x00000000ddf80000)
  from space 5120K, 0% used [0x00000000ddf80000,0x00000000ddf80000,0x00000000de480000)
  to   space 15872K, 0% used [0x00000000df880000,0x00000000df880000,0x00000000e0800000)
 ParOldGen       total 111616K, used 18939K [0x0000000081800000, 0x0000000088500000, 0x00000000d5d80000)
  object space 111616K, 16% used [0x0000000081800000,0x0000000082a7ed40,0x0000000088500000)
 Metaspace       used 42844K, capacity 43650K, committed 43904K, reserved 1087488K
  class space    used 5252K, capacity 5436K, committed 5504K, reserved 1048576K
Event: 3.721 GC heap after
Heap after GC invocations=8 (full 2):
 PSYoungGen      total 152064K, used 15860K [0x00000000d5d80000, 0x00000000e3a80000, 0x0000000100000000)
  eden space 136192K, 0% used [0x00000000d5d80000,0x00000000d5d80000,0x00000000de280000)
  from space 15872K, 99% used [0x00000000df880000,0x00000000e07fd038,0x00000000e0800000)
  to   space 22528K, 0% used [0x00000000de280000,0x00000000de280000,0x00000000df880000)
 ParOldGen       total 111616K, used 27646K [0x0000000081800000, 0x0000000088500000, 0x00000000d5d80000)
  object space 111616K, 24% used [0x0000000081800000,0x00000000832ff9f0,0x0000000088500000)
 Metaspace       used 42844K, capacity 43650K, committed 43904K, reserved 1087488K
  class space    used 5252K, capacity 5436K, committed 5504K, reserved 1048576K
}
Event: 6.174 GC heap before
{Heap before GC invocations=9 (full 2):
 PSYoungGen      total 152064K, used 135153K [0x00000000d5d80000, 0x00000000e3a80000, 0x0000000100000000)
  eden space 136192K, 87% used [0x00000000d5d80000,0x00000000dd1ff4a0,0x00000000de280000)
  from space 15872K, 99% used [0x00000000df880000,0x00000000e07fd038,0x00000000e0800000)
  to   space 22528K, 0% used [0x00000000de280000,0x00000000de280000,0x00000000df880000)
 ParOldGen       total 111616K, used 27646K [0x0000000081800000, 0x0000000088500000, 0x00000000d5d80000)
  object space 111616K, 24% used [0x0000000081800000,0x00000000832ff9f0,0x0000000088500000)
 Metaspace       used 57812K, capacity 59030K, committed 59160K, reserved 1101824K
  class space    used 6916K, capacity 7244K, committed 7296K, reserved 1048576K
Event: 6.213 GC heap after
Heap after GC invocations=9 (full 2):
 PSYoungGen      total 158720K, used 22526K [0x00000000d5d80000, 0x00000000e5400000, 0x0000000100000000)
  eden space 136192K, 0% used [0x00000000d5d80000,0x00000000d5d80000,0x00000000de280000)
  from space 22528K, 99% used [0x00000000de280000,0x00000000df87fb28,0x00000000df880000)
  to   space 34304K, 0% used [0x00000000e3280000,0x00000000e3280000,0x00000000e5400000)
 ParOldGen       total 111616K, used 43916K [0x0000000081800000, 0x0000000088500000, 0x00000000d5d80000)
  object space 111616K, 39% used [0x0000000081800000,0x00000000842e3140,0x0000000088500000)
 Metaspace       used 57812K, capacity 59030K, committed 59160K, reserved 1101824K
  class space    used 6916K, capacity 7244K, committed 7296K, reserved 1048576K
}
Event: 6.213 GC heap before
{Heap before GC invocations=10 (full 3):
 PSYoungGen      total 158720K, used 22526K [0x00000000d5d80000, 0x00000000e5400000, 0x0000000100000000)
  eden space 136192K, 0% used [0x00000000d5d80000,0x00000000d5d80000,0x00000000de280000)
  from space 22528K, 99% used [0x00000000de280000,0x00000000df87fb28,0x00000000df880000)
  to   space 34304K, 0% used [0x00000000e3280000,0x00000000e3280000,0x00000000e5400000)
 ParOldGen       total 111616K, used 43916K [0x0000000081800000, 0x0000000088500000, 0x00000000d5d80000)
  object space 111616K, 39% used [0x0000000081800000,0x00000000842e3140,0x0000000088500000)
 Metaspace       used 57812K, capacity 59030K, committed 59160K, reserved 1101824K
  class space    used 6916K, capacity 7244K, committed 7296K, reserved 1048576K
Event: 6.542 GC heap after
Heap after GC invocations=10 (full 3):
 PSYoungGen      total 158720K, used 0K [0x00000000d5d80000, 0x00000000e5400000, 0x0000000100000000)
  eden space 136192K, 0% used [0x00000000d5d80000,0x00000000d5d80000,0x00000000de280000)
  from space 22528K, 0% used [0x00000000de280000,0x00000000de280000,0x00000000df880000)
  to   space 34304K, 0% used [0x00000000e3280000,0x00000000e3280000,0x00000000e5400000)
 ParOldGen       total 111616K, used 52611K [0x0000000081800000, 0x0000000088500000, 0x00000000d5d80000)
  object space 111616K, 47% used [0x0000000081800000,0x0000000084b60f60,0x0000000088500000)
 Metaspace       used 57812K, capacity 59030K, committed 59160K, reserved 1101824K
  class space    used 6916K, capacity 7244K, committed 7296K, reserved 1048576K
}

