# JRE version: OpenJDK Runtime Environment (8.0_202-b03) (build 1.8.0_202-release-1483-b03)
# Java VM: OpenJDK 64-Bit Server VM (25.202-b03 mixed mode windows-amd64 compressed oops)
Heap:
 PSYoungGen      total 247808K, used 100456K [0x00000000eab00000, 0x00000000fc380000, 0x0000000100000000)
  eden space 225792K, 38% used [0x00000000eab00000,0x00000000f00d4d10,0x00000000f8780000)
  from space 22016K, 57% used [0x00000000fae00000,0x00000000fba45368,0x00000000fc380000)
  to   space 30720K, 0% used [0x00000000f8780000,0x00000000f8780000,0x00000000fa580000)
 ParOldGen       total 140800K, used 67062K [0x00000000c0000000, 0x00000000c8980000, 0x00000000eab00000)
  object space 140800K, 47% used [0x00000000c0000000,0x00000000c417d908,0x00000000c8980000)
 Metaspace       used 78511K, capacity 81962K, committed 82072K, reserved 1120256K
  class space    used 10398K, capacity 11083K, committed 11160K, reserved 1048576K
GC Heap History (10 events):
Event: 8.545 GC heap before
{Heap before GC invocations=15 (full 3):
 PSYoungGen      total 189440K, used 3676K [0x00000000eab00000, 0x00000000f8300000, 0x0000000100000000)
  eden space 170496K, 0% used [0x00000000eab00000,0x00000000eab00000,0x00000000f5180000)
  from space 18944K, 19% used [0x00000000f6400000,0x00000000f67973d8,0x00000000f7680000)
  to   space 18944K, 0% used [0x00000000f5180000,0x00000000f5180000,0x00000000f6400000)
 ParOldGen       total 93184K, used 35608K [0x00000000c0000000, 0x00000000c5b00000, 0x00000000eab00000)
  object space 93184K, 38% used [0x00000000c0000000,0x00000000c22c6250,0x00000000c5b00000)
 Metaspace       used 57301K, capacity 59046K, committed 59160K, reserved 1099776K
  class space    used 7749K, capacity 8159K, committed 8216K, reserved 1048576K
Event: 8.824 GC heap after
Heap after GC invocations=15 (full 3):
 PSYoungGen      total 189440K, used 0K [0x00000000eab00000, 0x00000000f8300000, 0x0000000100000000)
  eden space 170496K, 0% used [0x00000000eab00000,0x00000000eab00000,0x00000000f5180000)
  from space 18944K, 0% used [0x00000000f6400000,0x00000000f6400000,0x00000000f7680000)
  to   space 18944K, 0% used [0x00000000f5180000,0x00000000f5180000,0x00000000f6400000)
 ParOldGen       total 140800K, used 32442K [0x00000000c0000000, 0x00000000c8980000, 0x00000000eab00000)
  object space 140800K, 23% used [0x00000000c0000000,0x00000000c1faeb38,0x00000000c8980000)
 Metaspace       used 57276K, capacity 58962K, committed 59160K, reserved 1099776K
  class space    used 7741K, capacity 8145K, committed 8216K, reserved 1048576K
}
Event: 10.418 GC heap before
{Heap before GC invocations=16 (full 3):
 PSYoungGen      total 189440K, used 170496K [0x00000000eab00000, 0x00000000f8300000, 0x0000000100000000)
  eden space 170496K, 100% used [0x00000000eab00000,0x00000000f5180000,0x00000000f5180000)
  from space 18944K, 0% used [0x00000000f6400000,0x00000000f6400000,0x00000000f7680000)
  to   space 18944K, 0% used [0x00000000f5180000,0x00000000f5180000,0x00000000f6400000)
 ParOldGen       total 140800K, used 32442K [0x00000000c0000000, 0x00000000c8980000, 0x00000000eab00000)
  object space 140800K, 23% used [0x00000000c0000000,0x00000000c1faeb38,0x00000000c8980000)
 Metaspace       used 62846K, capacity 65028K, committed 65304K, reserved 1105920K
  class space    used 8627K, capacity 9124K, committed 9240K, reserved 1048576K
Event: 10.436 GC heap after
Heap after GC invocations=16 (full 3):
 PSYoungGen      total 189440K, used 14364K [0x00000000eab00000, 0x00000000f9600000, 0x0000000100000000)
  eden space 170496K, 0% used [0x00000000eab00000,0x00000000eab00000,0x00000000f5180000)
  from space 18944K, 75% used [0x00000000f5180000,0x00000000f5f872d8,0x00000000f6400000)
  to   space 19968K, 0% used [0x00000000f8280000,0x00000000f8280000,0x00000000f9600000)
 ParOldGen       total 140800K, used 32450K [0x00000000c0000000, 0x00000000c8980000, 0x00000000eab00000)
  object space 140800K, 23% used [0x00000000c0000000,0x00000000c1fb0b38,0x00000000c8980000)
 Metaspace       used 62846K, capacity 65028K, committed 65304K, reserved 1105920K
  class space    used 8627K, capacity 9124K, committed 9240K, reserved 1048576K
}
Event: 12.241 GC heap before
{Heap before GC invocations=17 (full 3):
 PSYoungGen      total 189440K, used 184860K [0x00000000eab00000, 0x00000000f9600000, 0x0000000100000000)
  eden space 170496K, 100% used [0x00000000eab00000,0x00000000f5180000,0x00000000f5180000)
  from space 18944K, 75% used [0x00000000f5180000,0x00000000f5f872d8,0x00000000f6400000)
  to   space 19968K, 0% used [0x00000000f8280000,0x00000000f8280000,0x00000000f9600000)
 ParOldGen       total 140800K, used 32450K [0x00000000c0000000, 0x00000000c8980000, 0x00000000eab00000)
  object space 140800K, 23% used [0x00000000c0000000,0x00000000c1fb0b38,0x00000000c8980000)
 Metaspace       used 65798K, capacity 68090K, committed 68120K, reserved 1107968K
  class space    used 8965K, capacity 9466K, committed 9496K, reserved 1048576K
Event: 12.269 GC heap after
Heap after GC invocations=17 (full 3):
 PSYoungGen      total 215552K, used 19943K [0x00000000eab00000, 0x00000000f9f80000, 0x0000000100000000)
  eden space 195584K, 0% used [0x00000000eab00000,0x00000000eab00000,0x00000000f6a00000)
  from space 19968K, 99% used [0x00000000f8280000,0x00000000f95f9e50,0x00000000f9600000)
  to   space 25088K, 0% used [0x00000000f6a00000,0x00000000f6a00000,0x00000000f8280000)
 ParOldGen       total 140800K, used 38925K [0x00000000c0000000, 0x00000000c8980000, 0x00000000eab00000)
  object space 140800K, 27% used [0x00000000c0000000,0x00000000c26037c8,0x00000000c8980000)
 Metaspace       used 65798K, capacity 68090K, committed 68120K, reserved 1107968K
  class space    used 8965K, capacity 9466K, committed 9496K, reserved 1048576K
}
Event: 17.559 GC heap before
{Heap before GC invocations=18 (full 3):
 PSYoungGen      total 215552K, used 215527K [0x00000000eab00000, 0x00000000f9f80000, 0x0000000100000000)
  eden space 195584K, 100% used [0x00000000eab00000,0x00000000f6a00000,0x00000000f6a00000)
  from space 19968K, 99% used [0x00000000f8280000,0x00000000f95f9e50,0x00000000f9600000)
  to   space 25088K, 0% used [0x00000000f6a00000,0x00000000f6a00000,0x00000000f8280000)
 ParOldGen       total 140800K, used 38925K [0x00000000c0000000, 0x00000000c8980000, 0x00000000eab00000)
  object space 140800K, 27% used [0x00000000c0000000,0x00000000c26037c8,0x00000000c8980000)
 Metaspace       used 73002K, capacity 76042K, committed 76184K, reserved 1116160K
  class space    used 9695K, capacity 10279K, committed 10392K, reserved 1048576K
Event: 17.694 GC heap after
Heap after GC invocations=18 (full 3):
 PSYoungGen      total 220672K, used 25059K [0x00000000eab00000, 0x00000000fce00000, 0x0000000100000000)
  eden space 195584K, 0% used [0x00000000eab00000,0x00000000eab00000,0x00000000f6a00000)
  from space 25088K, 99% used [0x00000000f6a00000,0x00000000f8278d10,0x00000000f8280000)
  to   space 32768K, 0% used [0x00000000fae00000,0x00000000fae00000,0x00000000fce00000)
 ParOldGen       total 140800K, used 48544K [0x00000000c0000000, 0x00000000c8980000, 0x00000000eab00000)
  object space 140800K, 34% used [0x00000000c0000000,0x00000000c2f68190,0x00000000c8980000)
 Metaspace       used 73002K, capacity 76042K, committed 76184K, reserved 1116160K
  class space    used 9695K, capacity 10279K, committed 10392K, reserved 1048576K
}
Event: 236.630 GC heap before
{Heap before GC invocations=19 (full 3):
 PSYoungGen      total 220672K, used 220643K [0x00000000eab00000, 0x00000000fce00000, 0x0000000100000000)
  eden space 195584K, 100% used [0x00000000eab00000,0x00000000f6a00000,0x00000000f6a00000)
  from space 25088K, 99% used [0x00000000f6a00000,0x00000000f8278d10,0x00000000f8280000)
  to   space 32768K, 0% used [0x00000000fae00000,0x00000000fae00000,0x00000000fce00000)
 ParOldGen       total 140800K, used 48544K [0x00000000c0000000, 0x00000000c8980000, 0x00000000eab00000)
  object space 140800K, 34% used [0x00000000c0000000,0x00000000c2f68190,0x00000000c8980000)
 Metaspace       used 75466K, capacity 78872K, committed 79000K, reserved 1118208K
  class space    used 9953K, capacity 10624K, committed 10648K, reserved 1048576K
Event: 236.657 GC heap after
Heap after GC invocations=19 (full 3):
 PSYoungGen      total 247808K, used 12564K [0x00000000eab00000, 0x00000000fc380000, 0x0000000100000000)
  eden space 225792K, 0% used [0x00000000eab00000,0x00000000eab00000,0x00000000f8780000)
  from space 22016K, 57% used [0x00000000fae00000,0x00000000fba45368,0x00000000fc380000)
  to   space 30720K, 0% used [0x00000000f8780000,0x00000000f8780000,0x00000000fa580000)
 ParOldGen       total 140800K, used 67062K [0x00000000c0000000, 0x00000000c8980000, 0x00000000eab00000)
  object space 140800K, 47% used [0x00000000c0000000,0x00000000c417d908,0x00000000c8980000)
 Metaspace       used 75466K, capacity 78872K, committed 79000K, reserved 1118208K
  class space    used 9953K, capacity 10624K, committed 10648K, reserved 1048576K
}

